Watching for file changes with StatReloader
"GET /?sendmail=fajubemayowa2@gmail.com HTTP/1.1" 200 66
/home/fajmayor/HNG/project-3/mail_test/messaging_system/settings.py changed, reloading.
Watching for file changes with StatReloader
/home/fajmayor/HNG/project-3/mail_test/messaging_system/settings.py changed, reloading.
Watching for file changes with StatReloader
Watching for file changes with StatReloader
"GET /?sendmail=fajubemayowa2@gmail.com HTTP/1.1" 200 66
"GET /?sendmail=fajubemayowa2@gmail.com HTTP/1.1" 200 66
/home/fajmayor/HNG/project-3/mail_test/messaging/tasks.py changed, reloading.
Watching for file changes with StatReloader
/home/fajmayor/HNG/project-3/mail_test/messaging/tasks.py changed, reloading.
Watching for file changes with StatReloader
/home/fajmayor/HNG/project-3/mail_test/messaging/tasks.py changed, reloading.
Watching for file changes with StatReloader
Watching for file changes with StatReloader
"GET /?sendmail=fajubemayowa2@gmail.com HTTP/1.1" 200 66
Watching for file changes with StatReloader
"GET /?sendmail=fajubemayowa2@gmail.com HTTP/1.1" 200 66
/home/fajmayor/HNG/project-3/mail_test/messaging/tasks.py changed, reloading.
Watching for file changes with StatReloader
/home/fajmayor/HNG/project-3/mail_test/messaging/tasks.py changed, reloading.
Watching for file changes with StatReloader
/home/fajmayor/HNG/project-3/mail_test/messaging/tasks.py changed, reloading.
Watching for file changes with StatReloader
/home/fajmayor/HNG/project-3/mail_test/messaging/tasks.py changed, reloading.
Watching for file changes with StatReloader
/home/fajmayor/HNG/project-3/mail_test/messaging/tasks.py changed, reloading.
Watching for file changes with StatReloader
/home/fajmayor/HNG/project-3/mail_test/messaging/tasks.py changed, reloading.
Watching for file changes with StatReloader
/home/fajmayor/HNG/project-3/mail_test/messaging/tasks.py changed, reloading.
Watching for file changes with StatReloader
/home/fajmayor/HNG/project-3/mail_test/messaging/tasks.py changed, reloading.
Watching for file changes with StatReloader
/home/fajmayor/HNG/project-3/mail_test/messaging/tasks.py changed, reloading.
Watching for file changes with StatReloader
/home/fajmayor/HNG/project-3/mail_test/messaging/tasks.py changed, reloading.
Watching for file changes with StatReloader
/home/fajmayor/HNG/project-3/mail_test/messaging/tasks.py changed, reloading.
Watching for file changes with StatReloader
/home/fajmayor/HNG/project-3/mail_test/messaging/tasks.py changed, reloading.
Watching for file changes with StatReloader
/home/fajmayor/HNG/project-3/mail_test/messaging/tasks.py changed, reloading.
Watching for file changes with StatReloader
/home/fajmayor/HNG/project-3/mail_test/messaging/tasks.py changed, reloading.
Watching for file changes with StatReloader
/home/fajmayor/HNG/project-3/mail_test/messaging/tasks.py changed, reloading.
Watching for file changes with StatReloader
/home/fajmayor/HNG/project-3/mail_test/messaging/tasks.py changed, reloading.
Watching for file changes with StatReloader
/home/fajmayor/HNG/project-3/mail_test/messaging/tasks.py changed, reloading.
Watching for file changes with StatReloader
/home/fajmayor/HNG/project-3/mail_test/messaging/tasks.py changed, reloading.
Watching for file changes with StatReloader
/home/fajmayor/HNG/project-3/mail_test/messaging/tasks.py changed, reloading.
Watching for file changes with StatReloader
/home/fajmayor/HNG/project-3/mail_test/messaging/tasks.py changed, reloading.
Watching for file changes with StatReloader
/home/fajmayor/HNG/project-3/mail_test/messaging/tasks.py changed, reloading.
Watching for file changes with StatReloader
/home/fajmayor/HNG/project-3/mail_test/messaging/tasks.py changed, reloading.
Watching for file changes with StatReloader
/home/fajmayor/HNG/project-3/mail_test/messaging/tasks.py changed, reloading.
Watching for file changes with StatReloader
/home/fajmayor/HNG/project-3/mail_test/messaging/tasks.py changed, reloading.
Watching for file changes with StatReloader
/home/fajmayor/HNG/project-3/mail_test/messaging/tasks.py changed, reloading.
Watching for file changes with StatReloader
/home/fajmayor/HNG/project-3/mail_test/messaging/tasks.py changed, reloading.
Watching for file changes with StatReloader
/home/fajmayor/HNG/project-3/mail_test/messaging/tasks.py changed, reloading.
Watching for file changes with StatReloader
/home/fajmayor/HNG/project-3/mail_test/messaging/tasks.py changed, reloading.
Watching for file changes with StatReloader
/home/fajmayor/HNG/project-3/mail_test/messaging/tasks.py changed, reloading.
Watching for file changes with StatReloader
/home/fajmayor/HNG/project-3/mail_test/messaging/tasks.py changed, reloading.
Watching for file changes with StatReloader
/home/fajmayor/HNG/project-3/mail_test/messaging/tasks.py changed, reloading.
Watching for file changes with StatReloader
/home/fajmayor/HNG/project-3/mail_test/messaging/tasks.py changed, reloading.
Watching for file changes with StatReloader
/home/fajmayor/HNG/project-3/mail_test/messaging/tasks.py changed, reloading.
Watching for file changes with StatReloader
/home/fajmayor/HNG/project-3/mail_test/messaging/tasks.py changed, reloading.
Watching for file changes with StatReloader
/home/fajmayor/HNG/project-3/mail_test/messaging/tasks.py changed, reloading.
Watching for file changes with StatReloader
/home/fajmayor/HNG/project-3/mail_test/messaging/tasks.py changed, reloading.
Watching for file changes with StatReloader
/home/fajmayor/HNG/project-3/mail_test/messaging/tasks.py changed, reloading.
Watching for file changes with StatReloader
/home/fajmayor/HNG/project-3/mail_test/messaging/tasks.py changed, reloading.
Watching for file changes with StatReloader
/home/fajmayor/HNG/project-3/mail_test/messaging/tasks.py changed, reloading.
Watching for file changes with StatReloader
/home/fajmayor/HNG/project-3/mail_test/messaging/tasks.py changed, reloading.
Watching for file changes with StatReloader
/home/fajmayor/HNG/project-3/mail_test/messaging/tasks.py changed, reloading.
Watching for file changes with StatReloader
/home/fajmayor/HNG/project-3/mail_test/messaging/tasks.py changed, reloading.
Watching for file changes with StatReloader
/home/fajmayor/HNG/project-3/mail_test/messaging/tasks.py changed, reloading.
Watching for file changes with StatReloader
/home/fajmayor/HNG/project-3/mail_test/messaging/tasks.py changed, reloading.
Watching for file changes with StatReloader
/home/fajmayor/HNG/project-3/mail_test/messaging/tasks.py changed, reloading.
Watching for file changes with StatReloader
/home/fajmayor/HNG/project-3/mail_test/messaging/tasks.py changed, reloading.
Watching for file changes with StatReloader
/home/fajmayor/HNG/project-3/mail_test/messaging/tasks.py changed, reloading.
Watching for file changes with StatReloader
/home/fajmayor/HNG/project-3/mail_test/messaging/tasks.py changed, reloading.
Watching for file changes with StatReloader
/home/fajmayor/HNG/project-3/mail_test/messaging/tasks.py changed, reloading.
Watching for file changes with StatReloader
/home/fajmayor/HNG/project-3/mail_test/messaging/tasks.py changed, reloading.
Watching for file changes with StatReloader
/home/fajmayor/HNG/project-3/mail_test/messaging/tasks.py changed, reloading.
Watching for file changes with StatReloader
/home/fajmayor/HNG/project-3/mail_test/messaging/tasks.py changed, reloading.
Watching for file changes with StatReloader
/home/fajmayor/HNG/project-3/mail_test/messaging/tasks.py changed, reloading.
Watching for file changes with StatReloader
/home/fajmayor/HNG/project-3/mail_test/messaging/tasks.py changed, reloading.
Watching for file changes with StatReloader
/home/fajmayor/HNG/project-3/mail_test/messaging/tasks.py changed, reloading.
Watching for file changes with StatReloader
/home/fajmayor/HNG/project-3/mail_test/messaging/tasks.py changed, reloading.
Watching for file changes with StatReloader
/home/fajmayor/HNG/project-3/mail_test/messaging/tasks.py changed, reloading.
Watching for file changes with StatReloader
/home/fajmayor/HNG/project-3/mail_test/messaging/tasks.py changed, reloading.
Watching for file changes with StatReloader
/home/fajmayor/HNG/project-3/mail_test/messaging/tasks.py changed, reloading.
Watching for file changes with StatReloader
/home/fajmayor/HNG/project-3/mail_test/messaging/tasks.py changed, reloading.
Watching for file changes with StatReloader
Watching for file changes with StatReloader
"GET /?sendmail=fajubemayowa2@gmail.com HTTP/1.1" 200 66
"GET /?talktome HTTP/1.1" 200 52
/home/fajmayor/HNG/project-3/mail_test/messaging/views.py changed, reloading.
Watching for file changes with StatReloader
/home/fajmayor/HNG/project-3/mail_test/messaging/views.py changed, reloading.
Watching for file changes with StatReloader
/home/fajmayor/HNG/project-3/mail_test/messaging/views.py changed, reloading.
Watching for file changes with StatReloader
/home/fajmayor/HNG/project-3/mail_test/messaging/views.py changed, reloading.
Watching for file changes with StatReloader
/home/fajmayor/HNG/project-3/mail_test/messaging/views.py changed, reloading.
Watching for file changes with StatReloader
/home/fajmayor/HNG/project-3/mail_test/messaging/views.py changed, reloading.
Watching for file changes with StatReloader
/home/fajmayor/HNG/project-3/mail_test/messaging/views.py changed, reloading.
Watching for file changes with StatReloader
/home/fajmayor/HNG/project-3/mail_test/messaging/views.py changed, reloading.
Watching for file changes with StatReloader
/home/fajmayor/HNG/project-3/mail_test/messaging/views.py changed, reloading.
Watching for file changes with StatReloader
/home/fajmayor/HNG/project-3/mail_test/messaging/views.py changed, reloading.
Watching for file changes with StatReloader
/home/fajmayor/HNG/project-3/mail_test/messaging/views.py changed, reloading.
Watching for file changes with StatReloader
/home/fajmayor/HNG/project-3/mail_test/messaging/views.py changed, reloading.
Watching for file changes with StatReloader
/home/fajmayor/HNG/project-3/mail_test/messaging/views.py changed, reloading.
Watching for file changes with StatReloader
/home/fajmayor/HNG/project-3/mail_test/messaging/views.py changed, reloading.
Watching for file changes with StatReloader
/home/fajmayor/HNG/project-3/mail_test/messaging/views.py changed, reloading.
Watching for file changes with StatReloader
/home/fajmayor/HNG/project-3/mail_test/messaging/views.py changed, reloading.
Watching for file changes with StatReloader
/home/fajmayor/HNG/project-3/mail_test/messaging/views.py changed, reloading.
Watching for file changes with StatReloader
/home/fajmayor/HNG/project-3/mail_test/messaging/views.py changed, reloading.
Watching for file changes with StatReloader
/home/fajmayor/HNG/project-3/mail_test/messaging/views.py changed, reloading.
Watching for file changes with StatReloader
/home/fajmayor/HNG/project-3/mail_test/messaging/views.py changed, reloading.
Watching for file changes with StatReloader
/home/fajmayor/HNG/project-3/mail_test/messaging/views.py changed, reloading.
Watching for file changes with StatReloader
/home/fajmayor/HNG/project-3/mail_test/messaging/views.py changed, reloading.
Watching for file changes with StatReloader
/home/fajmayor/HNG/project-3/mail_test/messaging/views.py changed, reloading.
Watching for file changes with StatReloader
/home/fajmayor/HNG/project-3/mail_test/messaging/views.py changed, reloading.
Watching for file changes with StatReloader
/home/fajmayor/HNG/project-3/mail_test/messaging/views.py changed, reloading.
Watching for file changes with StatReloader
/home/fajmayor/HNG/project-3/mail_test/messaging/views.py changed, reloading.
Watching for file changes with StatReloader
/home/fajmayor/HNG/project-3/mail_test/messaging/views.py changed, reloading.
Watching for file changes with StatReloader
/home/fajmayor/HNG/project-3/mail_test/messaging/views.py changed, reloading.
Watching for file changes with StatReloader
/home/fajmayor/HNG/project-3/mail_test/messaging/views.py changed, reloading.
Watching for file changes with StatReloader
/home/fajmayor/HNG/project-3/mail_test/messaging/views.py changed, reloading.
Watching for file changes with StatReloader
/home/fajmayor/HNG/project-3/mail_test/messaging/views.py changed, reloading.
Watching for file changes with StatReloader
/home/fajmayor/HNG/project-3/mail_test/messaging/views.py changed, reloading.
Watching for file changes with StatReloader
/home/fajmayor/HNG/project-3/mail_test/messaging/views.py changed, reloading.
Watching for file changes with StatReloader
/home/fajmayor/HNG/project-3/mail_test/messaging/views.py changed, reloading.
Watching for file changes with StatReloader
/home/fajmayor/HNG/project-3/mail_test/messaging/views.py changed, reloading.
Watching for file changes with StatReloader
/home/fajmayor/HNG/project-3/mail_test/messaging/views.py changed, reloading.
Watching for file changes with StatReloader
/home/fajmayor/HNG/project-3/mail_test/messaging/views.py changed, reloading.
Watching for file changes with StatReloader
/home/fajmayor/HNG/project-3/mail_test/messaging/views.py changed, reloading.
Watching for file changes with StatReloader
/home/fajmayor/HNG/project-3/mail_test/messaging/views.py changed, reloading.
Watching for file changes with StatReloader
/home/fajmayor/HNG/project-3/mail_test/messaging/views.py changed, reloading.
Watching for file changes with StatReloader
/home/fajmayor/HNG/project-3/mail_test/messaging/views.py changed, reloading.
Watching for file changes with StatReloader
/home/fajmayor/HNG/project-3/mail_test/messaging/urls.py changed, reloading.
Watching for file changes with StatReloader
/home/fajmayor/HNG/project-3/mail_test/messaging/urls.py changed, reloading.
Watching for file changes with StatReloader
Watching for file changes with StatReloader
Watching for file changes with StatReloader
"GET /?talktome HTTP/1.1" 200 7
Watching for file changes with StatReloader
"GET /?send_mail=fajmayor@gmail.com HTTP/1.1" 200 7
"GET /?sendmail=fajmayor@gmail.com HTTP/1.1" 200 7
"GET /?sendmail=fajmayor@gmail.com HTTP/1.1" 200 7
"GET /?sendmail=fajubemayowa2@gmail.com HTTP/1.1" 200 7
/home/fajmayor/HNG/project-3/mail_test/messaging/tasks.py changed, reloading.
Watching for file changes with StatReloader
/home/fajmayor/HNG/project-3/mail_test/messaging/tasks.py changed, reloading.
Watching for file changes with StatReloader
Watching for file changes with StatReloader
"GET /?sendmail=fajubemayowa2@gmail.com HTTP/1.1" 200 7
/home/fajmayor/HNG/project-3/mail_test/messaging/urls.py changed, reloading.
Watching for file changes with StatReloader
/home/fajmayor/HNG/project-3/mail_test/messaging/urls.py changed, reloading.
Watching for file changes with StatReloader
/home/fajmayor/HNG/project-3/mail_test/messaging/urls.py changed, reloading.
Watching for file changes with StatReloader
/home/fajmayor/HNG/project-3/mail_test/messaging/urls.py changed, reloading.
Watching for file changes with StatReloader
/home/fajmayor/HNG/project-3/mail_test/messaging/views.py changed, reloading.
Watching for file changes with StatReloader
/home/fajmayor/HNG/project-3/mail_test/messaging/views.py changed, reloading.
Watching for file changes with StatReloader
/home/fajmayor/HNG/project-3/mail_test/messaging/views.py changed, reloading.
Watching for file changes with StatReloader
/home/fajmayor/HNG/project-3/mail_test/messaging/views.py changed, reloading.
Watching for file changes with StatReloader
/home/fajmayor/HNG/project-3/mail_test/messaging/views.py changed, reloading.
Watching for file changes with StatReloader
/home/fajmayor/HNG/project-3/mail_test/messaging/views.py changed, reloading.
Watching for file changes with StatReloader
/home/fajmayor/HNG/project-3/mail_test/messaging/views.py changed, reloading.
Watching for file changes with StatReloader
/home/fajmayor/HNG/project-3/mail_test/messaging/views.py changed, reloading.
Watching for file changes with StatReloader
Watching for file changes with StatReloader
"GET /logs HTTP/1.1" 301 0
"GET /logs/ HTTP/1.1" 200 57
"GET /?talktome HTTP/1.1" 200 66
/home/fajmayor/HNG/project-3/mail_test/messaging/tasks.py changed, reloading.
Watching for file changes with StatReloader
/home/fajmayor/HNG/project-3/mail_test/messaging_system/settings.py changed, reloading.
Watching for file changes with StatReloader
Watching for file changes with StatReloader
Watching for file changes with StatReloader
Invalid HTTP_HOST header: 'c464-102-88-82-76.ngrok-free.app'. You may need to add 'c464-102-88-82-76.ngrok-free.app' to ALLOWED_HOSTS.
Traceback (most recent call last):
  File "/home/fajmayor/HNG/project-3/mail_test/venv/lib/python3.10/site-packages/django/core/handlers/exception.py", line 55, in inner
    response = get_response(request)
  File "/home/fajmayor/HNG/project-3/mail_test/venv/lib/python3.10/site-packages/django/utils/deprecation.py", line 133, in __call__
    response = self.process_request(request)
  File "/home/fajmayor/HNG/project-3/mail_test/venv/lib/python3.10/site-packages/django/middleware/common.py", line 48, in process_request
    host = request.get_host()
  File "/home/fajmayor/HNG/project-3/mail_test/venv/lib/python3.10/site-packages/django/http/request.py", line 151, in get_host
    raise DisallowedHost(msg)
django.core.exceptions.DisallowedHost: Invalid HTTP_HOST header: 'c464-102-88-82-76.ngrok-free.app'. You may need to add 'c464-102-88-82-76.ngrok-free.app' to ALLOWED_HOSTS.
Bad Request: /
"GET / HTTP/1.1" 400 69779
Invalid HTTP_HOST header: 'c464-102-88-82-76.ngrok-free.app'. You may need to add 'c464-102-88-82-76.ngrok-free.app' to ALLOWED_HOSTS.
Traceback (most recent call last):
  File "/home/fajmayor/HNG/project-3/mail_test/venv/lib/python3.10/site-packages/django/core/handlers/exception.py", line 55, in inner
    response = get_response(request)
  File "/home/fajmayor/HNG/project-3/mail_test/venv/lib/python3.10/site-packages/django/utils/deprecation.py", line 133, in __call__
    response = self.process_request(request)
  File "/home/fajmayor/HNG/project-3/mail_test/venv/lib/python3.10/site-packages/django/middleware/common.py", line 48, in process_request
    host = request.get_host()
  File "/home/fajmayor/HNG/project-3/mail_test/venv/lib/python3.10/site-packages/django/http/request.py", line 151, in get_host
    raise DisallowedHost(msg)
django.core.exceptions.DisallowedHost: Invalid HTTP_HOST header: 'c464-102-88-82-76.ngrok-free.app'. You may need to add 'c464-102-88-82-76.ngrok-free.app' to ALLOWED_HOSTS.
Bad Request: /favicon.ico
"GET /favicon.ico HTTP/1.1" 400 69492
Invalid HTTP_HOST header: 'c464-102-88-82-76.ngrok-free.app'. You may need to add 'c464-102-88-82-76.ngrok-free.app' to ALLOWED_HOSTS.
Traceback (most recent call last):
  File "/home/fajmayor/HNG/project-3/mail_test/venv/lib/python3.10/site-packages/django/core/handlers/exception.py", line 55, in inner
    response = get_response(request)
  File "/home/fajmayor/HNG/project-3/mail_test/venv/lib/python3.10/site-packages/django/utils/deprecation.py", line 133, in __call__
    response = self.process_request(request)
  File "/home/fajmayor/HNG/project-3/mail_test/venv/lib/python3.10/site-packages/django/middleware/common.py", line 48, in process_request
    host = request.get_host()
  File "/home/fajmayor/HNG/project-3/mail_test/venv/lib/python3.10/site-packages/django/http/request.py", line 151, in get_host
    raise DisallowedHost(msg)
django.core.exceptions.DisallowedHost: Invalid HTTP_HOST header: 'c464-102-88-82-76.ngrok-free.app'. You may need to add 'c464-102-88-82-76.ngrok-free.app' to ALLOWED_HOSTS.
Bad Request: /
"GET /?sendmail=fajubemayowa2@gmail.com HTTP/1.1" 400 70177
Invalid HTTP_HOST header: 'c464-102-88-82-76.ngrok-free.app'. You may need to add 'c464-102-88-82-76.ngrok-free.app' to ALLOWED_HOSTS.
Traceback (most recent call last):
  File "/home/fajmayor/HNG/project-3/mail_test/venv/lib/python3.10/site-packages/django/core/handlers/exception.py", line 55, in inner
    response = get_response(request)
  File "/home/fajmayor/HNG/project-3/mail_test/venv/lib/python3.10/site-packages/django/utils/deprecation.py", line 133, in __call__
    response = self.process_request(request)
  File "/home/fajmayor/HNG/project-3/mail_test/venv/lib/python3.10/site-packages/django/middleware/common.py", line 48, in process_request
    host = request.get_host()
  File "/home/fajmayor/HNG/project-3/mail_test/venv/lib/python3.10/site-packages/django/http/request.py", line 151, in get_host
    raise DisallowedHost(msg)
django.core.exceptions.DisallowedHost: Invalid HTTP_HOST header: 'c464-102-88-82-76.ngrok-free.app'. You may need to add 'c464-102-88-82-76.ngrok-free.app' to ALLOWED_HOSTS.
Bad Request: /favicon.ico
"GET /favicon.ico HTTP/1.1" 400 69525
Invalid HTTP_HOST header: '127.0.0.1:8000'. You may need to add '127.0.0.1' to ALLOWED_HOSTS.
Traceback (most recent call last):
  File "/home/fajmayor/HNG/project-3/mail_test/venv/lib/python3.10/site-packages/django/core/handlers/exception.py", line 55, in inner
    response = get_response(request)
  File "/home/fajmayor/HNG/project-3/mail_test/venv/lib/python3.10/site-packages/django/utils/deprecation.py", line 133, in __call__
    response = self.process_request(request)
  File "/home/fajmayor/HNG/project-3/mail_test/venv/lib/python3.10/site-packages/django/middleware/common.py", line 48, in process_request
    host = request.get_host()
  File "/home/fajmayor/HNG/project-3/mail_test/venv/lib/python3.10/site-packages/django/http/request.py", line 151, in get_host
    raise DisallowedHost(msg)
django.core.exceptions.DisallowedHost: Invalid HTTP_HOST header: '127.0.0.1:8000'. You may need to add '127.0.0.1' to ALLOWED_HOSTS.
Bad Request: /
"GET /?sendmail=fajubemayowa2@gmail.com HTTP/1.1" 400 68976
Watching for file changes with StatReloader
Invalid HTTP_HOST header: '127.0.0.1:8000'. You may need to add '127.0.0.1' to ALLOWED_HOSTS.
Traceback (most recent call last):
  File "/home/fajmayor/HNG/project-3/mail_test/venv/lib/python3.10/site-packages/django/core/handlers/exception.py", line 55, in inner
    response = get_response(request)
  File "/home/fajmayor/HNG/project-3/mail_test/venv/lib/python3.10/site-packages/django/utils/deprecation.py", line 133, in __call__
    response = self.process_request(request)
  File "/home/fajmayor/HNG/project-3/mail_test/venv/lib/python3.10/site-packages/django/middleware/common.py", line 48, in process_request
    host = request.get_host()
  File "/home/fajmayor/HNG/project-3/mail_test/venv/lib/python3.10/site-packages/django/http/request.py", line 151, in get_host
    raise DisallowedHost(msg)
django.core.exceptions.DisallowedHost: Invalid HTTP_HOST header: '127.0.0.1:8000'. You may need to add '127.0.0.1' to ALLOWED_HOSTS.
Bad Request: /
"GET /?sendmail=fajubemayowa2@gmail.com HTTP/1.1" 400 69494
/home/fajmayor/HNG/project-3/mail_test/messaging_system/settings.py changed, reloading.
Watching for file changes with StatReloader
Watching for file changes with StatReloader
"GET /?sendmail=fajubemayowa2@gmail.com HTTP/1.1" 200 55
Invalid HTTP_HOST header: 'f623-102-88-82-76.ngrok-free.app'. You may need to add 'f623-102-88-82-76.ngrok-free.app' to ALLOWED_HOSTS.
Traceback (most recent call last):
  File "/home/fajmayor/HNG/project-3/mail_test/venv/lib/python3.10/site-packages/django/core/handlers/exception.py", line 55, in inner
    response = get_response(request)
  File "/home/fajmayor/HNG/project-3/mail_test/venv/lib/python3.10/site-packages/django/utils/deprecation.py", line 133, in __call__
    response = self.process_request(request)
  File "/home/fajmayor/HNG/project-3/mail_test/venv/lib/python3.10/site-packages/django/middleware/common.py", line 48, in process_request
    host = request.get_host()
  File "/home/fajmayor/HNG/project-3/mail_test/venv/lib/python3.10/site-packages/django/http/request.py", line 151, in get_host
    raise DisallowedHost(msg)
django.core.exceptions.DisallowedHost: Invalid HTTP_HOST header: 'f623-102-88-82-76.ngrok-free.app'. You may need to add 'f623-102-88-82-76.ngrok-free.app' to ALLOWED_HOSTS.
Bad Request: /
"GET /?sendmail=fajubemayowa2@gmail.com HTTP/1.1" 400 70415
Invalid HTTP_HOST header: 'f623-102-88-82-76.ngrok-free.app'. You may need to add 'f623-102-88-82-76.ngrok-free.app' to ALLOWED_HOSTS.
Traceback (most recent call last):
  File "/home/fajmayor/HNG/project-3/mail_test/venv/lib/python3.10/site-packages/django/core/handlers/exception.py", line 55, in inner
    response = get_response(request)
  File "/home/fajmayor/HNG/project-3/mail_test/venv/lib/python3.10/site-packages/django/utils/deprecation.py", line 133, in __call__
    response = self.process_request(request)
  File "/home/fajmayor/HNG/project-3/mail_test/venv/lib/python3.10/site-packages/django/middleware/common.py", line 48, in process_request
    host = request.get_host()
  File "/home/fajmayor/HNG/project-3/mail_test/venv/lib/python3.10/site-packages/django/http/request.py", line 151, in get_host
    raise DisallowedHost(msg)
django.core.exceptions.DisallowedHost: Invalid HTTP_HOST header: 'f623-102-88-82-76.ngrok-free.app'. You may need to add 'f623-102-88-82-76.ngrok-free.app' to ALLOWED_HOSTS.
Bad Request: /favicon.ico
"GET /favicon.ico HTTP/1.1" 400 69658
/home/fajmayor/HNG/project-3/mail_test/messaging_system/settings.py changed, reloading.
Watching for file changes with StatReloader
/home/fajmayor/HNG/project-3/mail_test/messaging_system/settings.py changed, reloading.
Watching for file changes with StatReloader
/home/fajmayor/HNG/project-3/mail_test/messaging_system/settings.py changed, reloading.
Watching for file changes with StatReloader
/home/fajmayor/HNG/project-3/mail_test/messaging_system/settings.py changed, reloading.
Watching for file changes with StatReloader
/home/fajmayor/HNG/project-3/mail_test/messaging_system/settings.py changed, reloading.
Watching for file changes with StatReloader
"GET /?sendmail=fajubemayowa2@gmail.com HTTP/1.1" 200 55
Not Found: /favicon.ico
"GET /favicon.ico HTTP/1.1" 404 2468
"GET /?sendmail=fajubemayowa2@gmail.com HTTP/1.1" 200 55
"GET /?sendmail=fajubemayowa2@gmail.com HTTP/1.1" 200 55
Watching for file changes with StatReloader
"GET /?sendmail=fajubemayowa2@gmail.com HTTP/1.1" 200 55
Watching for file changes with StatReloader
"GET /?sendmail=fajubemayowa2@gmail.com HTTP/1.1" 200 55
Watching for file changes with StatReloader
"GET /?sendmail=fajubemayowa2@gmail.com HTTP/1.1" 200 55
/home/fajmayor/HNG/project-3/mail_test/messaging_system/settings.py changed, reloading.
Watching for file changes with StatReloader
/home/fajmayor/HNG/project-3/mail_test/messaging_system/settings.py changed, reloading.
Watching for file changes with StatReloader
/home/fajmayor/HNG/project-3/mail_test/messaging_system/settings.py changed, reloading.
Watching for file changes with StatReloader
Not Found: /favicon.ico
Not Found: /favicon.ico
